2024-02-27 16:15:00,538 - prediction_process - INFO - Running tasks for intervals ['5m', '15m'] at 2024-02-27 16:15:00.027146
2024-02-27 16:15:14,451 - prediction_process - INFO - Running tasks for intervals ['5m', '15m'] at 2024-02-27 16:15:13.940427
2024-02-27 16:15:29,001 - prediction_process - INFO - Running tasks for intervals ['5m', '15m'] at 2024-02-27 16:15:28.490169
2024-02-27 16:15:52,711 - prediction_process - INFO - Running tasks for intervals ['5m', '15m'] at 2024-02-27 16:15:52.199764
2024-02-27 16:16:06,725 - prediction_process - INFO - Processing AUDUSD for interval 15m at 2024-02-27 16:16:06.725771 not crossover open
2024-02-27 16:16:06,725 - prediction_process - INFO - Processing USDCHF for interval 15m at 2024-02-27 16:16:06.725771 not crossover open
2024-02-27 16:16:06,791 - prediction_process - INFO - Processing USDCHF for interval 5m at 2024-02-27 16:16:06.791873 not crossover open
2024-02-27 16:16:06,793 - prediction_process - INFO - Processing USDCAD for interval 5m at 2024-02-27 16:16:06.793873 not crossover open
2024-02-27 16:16:06,858 - prediction_process - INFO - Processing USDCAD for interval 15m at 2024-02-27 16:16:06.858951 not crossover open
2024-02-27 16:16:06,860 - prediction_process - INFO - Processing EURUSD for interval 5m at 2024-02-27 16:16:06.860959 not crossover open
2024-02-27 16:16:06,904 - prediction_process - INFO - Processing EURUSD for interval 15m at 2024-02-27 16:16:06.903899 not crossover open
2024-02-27 16:16:06,904 - prediction_process - INFO - Processing GBPUSD for interval 5m at 2024-02-27 16:16:06.904914 not crossover open
2024-02-27 16:16:07,077 - prediction_process - INFO - Processing GBPUSD for interval 15m at 2024-02-27 16:16:07.077455 not crossover open
2024-02-27 16:16:07,125 - prediction_process - INFO - Processing AUDUSD for interval 5m at 2024-02-27 16:16:07.125253 not crossover open
2024-02-27 16:30:00,608 - prediction_process - INFO - Running tasks for intervals ['5m', '15m', '30m'] at 2024-02-27 16:30:00.095141
2024-02-27 16:30:21,228 - prediction_process - INFO - Processing USDCHF for interval 30m at 2024-02-27 16:30:21.228823 not crossover open
2024-02-27 16:30:21,308 - prediction_process - INFO - Processing AUDUSD for interval 30m at 2024-02-27 16:30:21.308814 not crossover open
2024-02-27 16:30:21,381 - prediction_process - INFO - Processing GBPUSD for interval 30m at 2024-02-27 16:30:21.381310 not crossover open
2024-02-27 16:30:21,449 - prediction_process - INFO - Processing USDCAD for interval 15m at 2024-02-27 16:30:21.449601 not crossover open
2024-02-27 16:30:21,495 - prediction_process - INFO - Processing AUDUSD for interval 5m at 2024-02-27 16:30:21.495414 not crossover open
2024-02-27 16:30:21,510 - prediction_process - INFO - Processing USDCAD for interval 30m at 2024-02-27 16:30:21.510931 not crossover open
2024-02-27 16:30:21,551 - prediction_process - INFO - Processing EURUSD for interval 5m at 2024-02-27 16:30:21.550566 not crossover open
2024-02-27 16:30:21,587 - prediction_process - INFO - Processing USDCAD for interval 5m at 2024-02-27 16:30:21.587435 not crossover open
2024-02-27 16:30:21,587 - prediction_process - INFO - Processing GBPUSD for interval 5m at 2024-02-27 16:30:21.587435 not crossover open
2024-02-27 16:30:21,619 - prediction_process - INFO - Processing EURUSD for interval 15m at 2024-02-27 16:30:21.619990 not crossover open
2024-02-27 16:30:21,654 - prediction_process - INFO - Processing GBPUSD for interval 15m at 2024-02-27 16:30:21.654479 not crossover open
2024-02-27 16:30:21,658 - prediction_process - INFO - Processing USDCHF for interval 5m at 2024-02-27 16:30:21.658010 not crossover open
2024-02-27 16:30:21,672 - prediction_process - INFO - Processing EURUSD for interval 30m at 2024-02-27 16:30:21.672679 not crossover open
2024-02-27 16:30:21,685 - prediction_process - INFO - Processing AUDUSD for interval 15m at 2024-02-27 16:30:21.685259 not crossover open
2024-02-27 16:30:21,854 - prediction_process - INFO - Processing USDCHF for interval 15m at 2024-02-27 16:30:21.854177 crossover : not buy  open
2024-02-27 16:35:00,522 - prediction_process - INFO - Running tasks for intervals ['5m'] at 2024-02-27 16:35:00.012976
2024-02-27 16:35:07,759 - prediction_process - INFO - Processing EURUSD for interval 5m at 2024-02-27 16:35:07.759313 not crossover open
2024-02-27 16:35:07,876 - prediction_process - INFO - Processing AUDUSD for interval 5m at 2024-02-27 16:35:07.876175 not crossover open
2024-02-27 16:35:07,895 - prediction_process - INFO - Processing USDCAD for interval 5m at 2024-02-27 16:35:07.895071 not crossover open
2024-02-27 16:35:07,897 - prediction_process - INFO - Processing GBPUSD for interval 5m at 2024-02-27 16:35:07.897071 not crossover open
2024-02-27 16:35:07,899 - prediction_process - INFO - Processing USDCHF for interval 5m at 2024-02-27 16:35:07.899080 not crossover open
2024-02-27 16:50:00,520 - prediction_process - INFO - Running tasks for intervals ['5m'] at 2024-02-27 16:50:00.009622
2024-02-27 16:50:04,518 - prediction_process - INFO - Running tasks for intervals ['5m'] at 2024-02-27 16:50:04.008212
2024-02-27 16:50:08,410 - prediction_process - INFO - Running tasks for intervals ['5m'] at 2024-02-27 16:50:07.900998
2024-02-27 16:50:12,232 - prediction_process - INFO - Running tasks for intervals ['5m'] at 2024-02-27 16:50:11.723509
2024-02-27 16:50:16,000 - prediction_process - INFO - Running tasks for intervals ['5m'] at 2024-02-27 16:50:15.491278
2024-02-27 16:50:19,718 - prediction_process - INFO - Running tasks for intervals ['5m'] at 2024-02-27 16:50:19.209631
2024-02-27 16:50:23,414 - prediction_process - INFO - Running tasks for intervals ['5m'] at 2024-02-27 16:50:22.904486
2024-02-27 16:50:27,139 - prediction_process - INFO - Running tasks for intervals ['5m'] at 2024-02-27 16:50:26.630438
2024-02-27 16:50:31,363 - prediction_process - INFO - Running tasks for intervals ['5m'] at 2024-02-27 16:50:30.854562
2024-02-27 16:50:35,099 - prediction_process - INFO - Running tasks for intervals ['5m'] at 2024-02-27 16:50:34.588383
2024-02-27 16:50:38,768 - prediction_process - INFO - Running tasks for intervals ['5m'] at 2024-02-27 16:50:38.259358
2024-02-27 16:50:42,538 - prediction_process - INFO - Running tasks for intervals ['5m'] at 2024-02-27 16:50:42.030562
2024-02-27 16:50:46,172 - prediction_process - INFO - Running tasks for intervals ['5m'] at 2024-02-27 16:50:45.661950
2024-02-27 16:50:50,010 - prediction_process - INFO - Running tasks for intervals ['5m'] at 2024-02-27 16:50:49.501108
2024-02-27 16:50:53,855 - prediction_process - INFO - Running tasks for intervals ['5m'] at 2024-02-27 16:50:53.346228
2024-02-27 16:50:57,794 - prediction_process - INFO - Running tasks for intervals ['5m'] at 2024-02-27 16:50:57.285337
2024-02-27 16:55:00,520 - prediction_process - INFO - Running tasks for intervals ['5m'] at 2024-02-27 16:55:00.010441
2024-02-27 16:55:04,205 - prediction_process - INFO - Running tasks for intervals ['5m'] at 2024-02-27 16:55:03.696193
2024-02-27 16:55:07,933 - prediction_process - INFO - Running tasks for intervals ['5m'] at 2024-02-27 16:55:07.424357
2024-02-27 16:55:11,524 - prediction_process - INFO - Running tasks for intervals ['5m'] at 2024-02-27 16:55:11.012070
2024-02-27 16:55:15,288 - prediction_process - INFO - Running tasks for intervals ['5m'] at 2024-02-27 16:55:14.779548
2024-02-27 16:55:19,208 - prediction_process - INFO - Running tasks for intervals ['5m'] at 2024-02-27 16:55:18.699432
2024-02-27 16:55:23,107 - prediction_process - INFO - Running tasks for intervals ['5m'] at 2024-02-27 16:55:22.598409
2024-02-27 16:55:27,194 - prediction_process - INFO - Running tasks for intervals ['5m'] at 2024-02-27 16:55:26.683906
2024-02-27 16:55:31,247 - prediction_process - INFO - Running tasks for intervals ['5m'] at 2024-02-27 16:55:30.737931
2024-02-27 16:55:35,032 - prediction_process - INFO - Running tasks for intervals ['5m'] at 2024-02-27 16:55:34.522224
2024-02-27 16:55:38,798 - prediction_process - INFO - Running tasks for intervals ['5m'] at 2024-02-27 16:55:38.287760
2024-02-27 16:55:42,642 - prediction_process - INFO - Running tasks for intervals ['5m'] at 2024-02-27 16:55:42.133285
2024-02-27 16:55:46,430 - prediction_process - INFO - Running tasks for intervals ['5m'] at 2024-02-27 16:55:45.917250
2024-02-27 16:55:50,878 - prediction_process - INFO - Running tasks for intervals ['5m'] at 2024-02-27 16:55:50.369870
2024-02-27 16:55:54,846 - prediction_process - INFO - Running tasks for intervals ['5m'] at 2024-02-27 16:55:54.337104
2024-02-27 16:55:58,964 - prediction_process - INFO - Running tasks for intervals ['5m'] at 2024-02-27 16:55:58.453658
2024-02-27 17:00:00,517 - prediction_process - INFO - Running tasks for intervals ['5m', '15m', '30m', '1h'] at 2024-02-27 17:00:00.004791
2024-02-27 17:00:13,931 - prediction_process - INFO - Running tasks for intervals ['5m', '15m', '30m', '1h'] at 2024-02-27 17:00:13.422420
2024-02-27 17:00:27,468 - prediction_process - INFO - Running tasks for intervals ['5m', '15m', '30m', '1h'] at 2024-02-27 17:00:26.958604
2024-02-27 17:00:40,888 - prediction_process - INFO - Running tasks for intervals ['5m', '15m', '30m', '1h'] at 2024-02-27 17:00:40.378407
2024-02-27 17:00:54,463 - prediction_process - INFO - Running tasks for intervals ['5m', '15m', '30m', '1h'] at 2024-02-27 17:00:53.954068
2024-02-27 17:05:00,587 - prediction_process - INFO - Running tasks for intervals ['5m'] at 2024-02-27 17:05:00.078351
2024-02-27 17:05:04,386 - prediction_process - INFO - Running tasks for intervals ['5m'] at 2024-02-27 17:05:03.875269
2024-02-27 17:05:08,045 - prediction_process - INFO - Running tasks for intervals ['5m'] at 2024-02-27 17:05:07.537151
2024-02-27 17:05:11,645 - prediction_process - INFO - Running tasks for intervals ['5m'] at 2024-02-27 17:05:11.136639
2024-02-27 17:05:15,424 - prediction_process - INFO - Running tasks for intervals ['5m'] at 2024-02-27 17:05:14.915163
2024-02-27 17:05:19,072 - prediction_process - INFO - Running tasks for intervals ['5m'] at 2024-02-27 17:05:18.562457
2024-02-27 17:05:22,716 - prediction_process - INFO - Running tasks for intervals ['5m'] at 2024-02-27 17:05:22.207596
2024-02-27 17:05:26,778 - prediction_process - INFO - Running tasks for intervals ['5m'] at 2024-02-27 17:05:26.269293
2024-02-27 17:05:30,502 - prediction_process - INFO - Running tasks for intervals ['5m'] at 2024-02-27 17:05:29.993532
2024-02-27 17:05:34,079 - prediction_process - INFO - Running tasks for intervals ['5m'] at 2024-02-27 17:05:33.570148
2024-02-27 17:05:37,807 - prediction_process - INFO - Running tasks for intervals ['5m'] at 2024-02-27 17:05:37.298247
2024-02-27 17:05:41,455 - prediction_process - INFO - Running tasks for intervals ['5m'] at 2024-02-27 17:05:40.945911
2024-02-27 17:05:45,168 - prediction_process - INFO - Running tasks for intervals ['5m'] at 2024-02-27 17:05:44.659316
2024-02-27 17:05:48,840 - prediction_process - INFO - Running tasks for intervals ['5m'] at 2024-02-27 17:05:48.332039
2024-02-27 17:05:52,792 - prediction_process - INFO - Running tasks for intervals ['5m'] at 2024-02-27 17:05:52.281482
2024-02-27 17:05:56,624 - prediction_process - INFO - Running tasks for intervals ['5m'] at 2024-02-27 17:05:56.115494
2024-02-27 17:06:00,164 - prediction_process - INFO - Running tasks for intervals ['5m'] at 2024-02-27 17:05:59.654070
2024-02-27 17:10:00,532 - prediction_process - INFO - Running tasks for intervals ['5m'] at 2024-02-27 17:10:00.022346
2024-02-27 17:10:04,279 - prediction_process - INFO - Running tasks for intervals ['5m'] at 2024-02-27 17:10:03.769999
2024-02-27 17:10:07,860 - prediction_process - INFO - Running tasks for intervals ['5m'] at 2024-02-27 17:10:07.351607
2024-02-27 17:10:11,518 - prediction_process - INFO - Running tasks for intervals ['5m'] at 2024-02-27 17:10:11.009385
2024-02-27 17:10:15,765 - prediction_process - INFO - Running tasks for intervals ['5m'] at 2024-02-27 17:10:15.254755
2024-02-27 17:10:19,468 - prediction_process - INFO - Running tasks for intervals ['5m'] at 2024-02-27 17:10:18.958731
2024-02-27 17:10:23,139 - prediction_process - INFO - Running tasks for intervals ['5m'] at 2024-02-27 17:10:22.628833
2024-02-27 17:10:26,854 - prediction_process - INFO - Running tasks for intervals ['5m'] at 2024-02-27 17:10:26.345102
2024-02-27 17:10:30,526 - prediction_process - INFO - Running tasks for intervals ['5m'] at 2024-02-27 17:10:30.017179
2024-02-27 17:10:34,206 - prediction_process - INFO - Running tasks for intervals ['5m'] at 2024-02-27 17:10:33.696960
2024-02-27 17:10:37,906 - prediction_process - INFO - Running tasks for intervals ['5m'] at 2024-02-27 17:10:37.396829
2024-02-27 17:10:41,857 - prediction_process - INFO - Running tasks for intervals ['5m'] at 2024-02-27 17:10:41.348722
2024-02-27 17:10:45,623 - prediction_process - INFO - Running tasks for intervals ['5m'] at 2024-02-27 17:10:45.113914
2024-02-27 17:10:49,283 - prediction_process - INFO - Running tasks for intervals ['5m'] at 2024-02-27 17:10:48.772292
2024-02-27 17:10:52,906 - prediction_process - INFO - Running tasks for intervals ['5m'] at 2024-02-27 17:10:52.396312
2024-02-27 17:10:56,639 - prediction_process - INFO - Running tasks for intervals ['5m'] at 2024-02-27 17:10:56.130185
2024-02-27 17:11:00,262 - prediction_process - INFO - Running tasks for intervals ['5m'] at 2024-02-27 17:10:59.752516
2024-02-27 17:15:00,553 - prediction_process - INFO - Running tasks for intervals ['5m', '15m'] at 2024-02-27 17:15:00.043022
2024-02-27 17:15:07,789 - prediction_process - INFO - Running tasks for intervals ['5m', '15m'] at 2024-02-27 17:15:07.279014
2024-02-27 17:15:14,738 - prediction_process - INFO - Running tasks for intervals ['5m', '15m'] at 2024-02-27 17:15:14.227815
2024-02-27 17:20:00,803 - prediction_process - INFO - Running tasks for intervals ['5m'] at 2024-02-27 17:20:00.293795
2024-02-27 17:20:04,672 - prediction_process - INFO - Running tasks for intervals ['5m'] at 2024-02-27 17:20:04.162282
2024-02-27 17:20:08,325 - prediction_process - INFO - Running tasks for intervals ['5m'] at 2024-02-27 17:20:07.813163
2024-02-27 17:20:12,016 - prediction_process - INFO - Running tasks for intervals ['5m'] at 2024-02-27 17:20:11.505862
2024-02-27 17:20:15,733 - prediction_process - INFO - Running tasks for intervals ['5m'] at 2024-02-27 17:20:15.222287
2024-02-27 17:20:19,343 - prediction_process - INFO - Running tasks for intervals ['5m'] at 2024-02-27 17:20:18.832829
2024-02-27 17:20:23,344 - prediction_process - INFO - Running tasks for intervals ['5m'] at 2024-02-27 17:20:22.834013
2024-02-27 17:20:27,388 - prediction_process - INFO - Running tasks for intervals ['5m'] at 2024-02-27 17:20:26.878347
2024-02-27 17:20:31,148 - prediction_process - INFO - Running tasks for intervals ['5m'] at 2024-02-27 17:20:30.638883
2024-02-27 17:20:34,991 - prediction_process - INFO - Running tasks for intervals ['5m'] at 2024-02-27 17:20:34.476648
2024-02-27 17:20:38,683 - prediction_process - INFO - Running tasks for intervals ['5m'] at 2024-02-27 17:20:38.173646
2024-02-27 17:20:42,407 - prediction_process - INFO - Running tasks for intervals ['5m'] at 2024-02-27 17:20:41.895526
2024-02-27 17:20:46,210 - prediction_process - INFO - Running tasks for intervals ['5m'] at 2024-02-27 17:20:45.698117
2024-02-27 17:20:50,052 - prediction_process - INFO - Running tasks for intervals ['5m'] at 2024-02-27 17:20:49.539030
2024-02-27 17:20:54,452 - prediction_process - INFO - Running tasks for intervals ['5m'] at 2024-02-27 17:20:53.942766
2024-02-27 17:20:58,396 - prediction_process - INFO - Running tasks for intervals ['5m'] at 2024-02-27 17:20:57.886953
2024-02-27 17:25:00,550 - prediction_process - INFO - Running tasks for intervals ['5m'] at 2024-02-27 17:25:00.038985
2024-02-27 17:25:04,153 - prediction_process - ERROR - Task raised an exception: No file or directory found at model/1.0.24.2.14/modelBuy/buy_AUDUSD5m.h5
2024-02-27 17:25:04,163 - prediction_process - ERROR - Task raised an exception: No file or directory found at model/1.0.24.2.14/modelBuy/buy_GBPUSD5m.h5
2024-02-27 17:25:04,167 - prediction_process - ERROR - Task raised an exception: No file or directory found at model/1.0.24.2.14/modelBuy/buy_EURUSD5m.h5
2024-02-27 17:25:04,171 - prediction_process - ERROR - Task raised an exception: No file or directory found at model/1.0.24.2.14/modelBuy/buy_USDCHF5m.h5
2024-02-27 17:25:04,176 - prediction_process - ERROR - Task raised an exception: No file or directory found at model/1.0.24.2.14/modelBuy/buy_USDCAD5m.h5
2024-02-27 17:30:00,694 - prediction_process - INFO - Running tasks for intervals ['5m', '15m', '30m'] at 2024-02-27 17:30:00.181287
2024-02-27 17:30:16,448 - prediction_process - ERROR - Task raised an exception: No file or directory found at src/serverMTmodel/1.0.24.2.14/modelSell/sell_AUDUSD30m.h5
2024-02-27 17:30:16,713 - prediction_process - ERROR - Task raised an exception: No file or directory found at src/serverMTmodel/1.0.24.2.14/modelSell/sell_USDCHF5m.h5
2024-02-27 17:30:16,722 - prediction_process - ERROR - Task raised an exception: No file or directory found at src/serverMTmodel/1.0.24.2.14/modelSell/sell_GBPUSD5m.h5
2024-02-27 17:30:16,736 - prediction_process - ERROR - Task raised an exception: No file or directory found at src/serverMTmodel/1.0.24.2.14/modelSell/sell_USDCHF30m.h5
2024-02-27 17:30:16,746 - prediction_process - ERROR - Task raised an exception: No file or directory found at src/serverMTmodel/1.0.24.2.14/modelSell/sell_EURUSD5m.h5
2024-02-27 17:30:16,747 - prediction_process - ERROR - Task raised an exception: No file or directory found at src/serverMTmodel/1.0.24.2.14/modelSell/sell_USDCAD15m.h5
2024-02-27 17:30:16,754 - prediction_process - ERROR - Task raised an exception: No file or directory found at src/serverMTmodel/1.0.24.2.14/modelSell/sell_USDCAD5m.h5
2024-02-27 17:30:16,761 - prediction_process - ERROR - Task raised an exception: No file or directory found at src/serverMTmodel/1.0.24.2.14/modelSell/sell_USDCAD30m.h5
2024-02-27 17:30:16,769 - prediction_process - ERROR - Task raised an exception: No file or directory found at src/serverMTmodel/1.0.24.2.14/modelSell/sell_GBPUSD15m.h5
2024-02-27 17:30:16,771 - prediction_process - ERROR - Task raised an exception: No file or directory found at src/serverMTmodel/1.0.24.2.14/modelSell/sell_AUDUSD15m.h5
2024-02-27 17:30:16,772 - prediction_process - ERROR - Task raised an exception: No file or directory found at src/serverMTmodel/1.0.24.2.14/modelSell/sell_AUDUSD5m.h5
2024-02-27 17:30:16,773 - prediction_process - ERROR - Task raised an exception: No file or directory found at src/serverMTmodel/1.0.24.2.14/modelSell/sell_EURUSD15m.h5
2024-02-27 17:30:16,774 - prediction_process - ERROR - Task raised an exception: No file or directory found at src/serverMTmodel/1.0.24.2.14/modelSell/sell_USDCHF15m.h5
2024-02-27 17:30:16,775 - prediction_process - ERROR - Task raised an exception: No file or directory found at src/serverMTmodel/1.0.24.2.14/modelSell/sell_EURUSD30m.h5
2024-02-27 17:30:16,776 - prediction_process - ERROR - Task raised an exception: No file or directory found at src/serverMTmodel/1.0.24.2.14/modelSell/sell_GBPUSD30m.h5
2024-02-27 17:35:00,543 - prediction_process - INFO - Running tasks for intervals ['5m'] at 2024-02-27 17:35:00.034041
2024-02-27 17:35:08,286 - prediction_process - INFO - Processing AUDUSD for interval 5m at 2024-02-27 17:35:08.286360 not crossover open
2024-02-27 17:35:08,375 - prediction_process - INFO - Processing GBPUSD for interval 5m at 2024-02-27 17:35:08.375857 not crossover open
2024-02-27 17:35:08,440 - prediction_process - INFO - Processing USDCHF for interval 5m at 2024-02-27 17:35:08.440565 not crossover open
2024-02-27 17:35:08,544 - prediction_process - INFO - Processing USDCAD for interval 5m at 2024-02-27 17:35:08.544603 not crossover open
2024-02-27 17:35:08,550 - prediction_process - INFO - Processing EURUSD for interval 5m at 2024-02-27 17:35:08.550702 not crossover open
2024-02-27 17:55:00,748 - prediction_process - INFO - Running tasks for intervals ['5m'] at 2024-02-27 17:55:00.239443
2024-02-27 17:55:07,504 - prediction_process - INFO - Processing AUDUSD for interval 5m at 2024-02-27 17:55:07.504336 not crossover open
2024-02-27 17:55:07,595 - prediction_process - INFO - Processing USDCAD for interval 5m at 2024-02-27 17:55:07.595265 not crossover open
2024-02-27 17:55:07,765 - prediction_process - INFO - Processing EURUSD for interval 5m at 2024-02-27 17:55:07.765500 not crossover open
2024-02-27 17:55:07,782 - prediction_process - INFO - Processing GBPUSD for interval 5m at 2024-02-27 17:55:07.782540 not crossover open
2024-02-27 17:55:08,255 - prediction_process - INFO - Processing USDCHF for interval 5m at 2024-02-27 17:55:08.254432 crossunder : not sell  open
2024-02-27 18:00:00,553 - prediction_process - INFO - Running tasks for intervals ['5m', '15m', '30m', '1h', '2h'] at 2024-02-27 18:00:00.043400
2024-02-27 18:00:20,661 - prediction_process - INFO - Processing EURUSD for interval 5m at 2024-02-27 18:00:20.661308 not crossover open
2024-02-27 18:00:20,670 - prediction_process - INFO - Processing EURUSD for interval 15m at 2024-02-27 18:00:20.669465 not crossover open
2024-02-27 18:00:20,739 - prediction_process - INFO - Processing EURUSD for interval 30m at 2024-02-27 18:00:20.739770 not crossover open
2024-02-27 18:00:20,770 - prediction_process - INFO - Processing EURUSD for interval 1h at 2024-02-27 18:00:20.770098 not crossover open
2024-02-27 18:00:20,787 - prediction_process - INFO - Processing USDCHF for interval 30m at 2024-02-27 18:00:20.787473 not crossover open
2024-02-27 18:00:20,857 - prediction_process - INFO - Processing AUDUSD for interval 5m at 2024-02-27 18:00:20.857169 not crossover open
2024-02-27 18:00:20,970 - prediction_process - INFO - Processing USDCAD for interval 30m at 2024-02-27 18:00:20.970164 not crossover open
2024-02-27 18:00:20,970 - prediction_process - INFO - Processing USDCHF for interval 15m at 2024-02-27 18:00:20.970164 not crossover open
2024-02-27 18:00:21,108 - prediction_process - INFO - Processing AUDUSD for interval 15m at 2024-02-27 18:00:21.108499 not crossover open
2024-02-27 18:00:21,154 - prediction_process - INFO - Processing GBPUSD for interval 15m at 2024-02-27 18:00:21.154272 not crossover open
2024-02-27 18:00:21,171 - prediction_process - INFO - Processing USDCHF for interval 5m at 2024-02-27 18:00:21.171795 not crossover open
2024-02-27 18:00:24,064 - prediction_process - INFO - Processing AUDUSD for interval 30m at 2024-02-27 18:00:24.064358 not crossover open
2024-02-27 18:00:24,763 - prediction_process - INFO - Processing USDCAD for interval 15m at 2024-02-27 18:00:24.763283 not crossover open
2024-02-27 18:00:26,770 - prediction_process - INFO - Processing GBPUSD for interval 5m at 2024-02-27 18:00:26.770095 not crossover open
2024-02-27 18:00:26,774 - prediction_process - INFO - Processing GBPUSD for interval 30m at 2024-02-27 18:00:26.774361 not crossover open
2024-02-27 18:00:27,357 - prediction_process - INFO - Processing USDCAD for interval 5m at 2024-02-27 18:00:27.357237 crossunder : not sell  open
2024-02-27 18:00:32,529 - prediction_process - INFO - Processing AUDUSD for interval 2h at 2024-02-27 18:00:32.529388 not crossover open
2024-02-27 18:00:32,591 - prediction_process - INFO - Processing AUDUSD for interval 1h at 2024-02-27 18:00:32.591442 not crossover open
2024-02-27 18:00:32,630 - prediction_process - INFO - Processing GBPUSD for interval 1h at 2024-02-27 18:00:32.630609 not crossover open
2024-02-27 18:00:32,634 - prediction_process - INFO - Processing EURUSD for interval 2h at 2024-02-27 18:00:32.634132 not crossover open
2024-02-27 18:00:32,635 - prediction_process - INFO - Processing GBPUSD for interval 2h at 2024-02-27 18:00:32.635133 not crossover open
2024-02-27 18:00:32,638 - prediction_process - INFO - Processing USDCAD for interval 2h at 2024-02-27 18:00:32.638124 not crossover open
2024-02-27 18:00:32,659 - prediction_process - INFO - Processing USDCAD for interval 1h at 2024-02-27 18:00:32.659437 not crossover open
2024-02-27 18:00:32,860 - prediction_process - INFO - Processing USDCHF for interval 2h at 2024-02-27 18:00:32.860509 not crossover open
2024-02-27 18:00:32,885 - prediction_process - INFO - Processing USDCHF for interval 1h at 2024-02-27 18:00:32.885219 not crossover open
2024-02-27 18:05:00,592 - prediction_process - INFO - Running tasks for intervals ['5m'] at 2024-02-27 18:05:00.083674
2024-02-27 18:05:06,731 - prediction_process - INFO - Processing USDCAD for interval 5m at 2024-02-27 18:05:06.731068 not crossover open
2024-02-27 18:05:06,779 - prediction_process - INFO - Processing USDCHF for interval 5m at 2024-02-27 18:05:06.779745 not crossover open
2024-02-27 18:05:06,805 - prediction_process - INFO - Processing EURUSD for interval 5m at 2024-02-27 18:05:06.805142 not crossover open
2024-02-27 18:05:06,807 - prediction_process - INFO - Processing AUDUSD for interval 5m at 2024-02-27 18:05:06.807151 not crossover open
2024-02-27 18:05:06,810 - prediction_process - INFO - Processing GBPUSD for interval 5m at 2024-02-27 18:05:06.810147 not crossover open
2024-02-27 18:10:00,534 - prediction_process - INFO - Running tasks for intervals ['5m'] at 2024-02-27 18:10:00.025460
2024-02-27 18:10:06,052 - prediction_process - INFO - Processing GBPUSD for interval 5m at 2024-02-27 18:10:06.052950 not crossover open
2024-02-27 18:10:06,580 - prediction_process - INFO - Processing EURUSD for interval 5m at 2024-02-27 18:10:06.580232 not crossover open
2024-02-27 18:10:06,581 - prediction_process - INFO - Processing AUDUSD for interval 5m at 2024-02-27 18:10:06.581231 not crossover open
2024-02-27 18:10:06,633 - prediction_process - INFO - Processing USDCHF for interval 5m at 2024-02-27 18:10:06.633942 not crossover open
2024-02-27 18:10:06,634 - prediction_process - INFO - Processing USDCAD for interval 5m at 2024-02-27 18:10:06.634957 not crossover open
2024-02-27 18:15:00,526 - prediction_process - INFO - Running tasks for intervals ['5m', '15m'] at 2024-02-27 18:15:00.016570
2024-02-27 18:15:12,751 - prediction_process - INFO - Processing USDCHF for interval 15m at 2024-02-27 18:15:12.751877 not crossover open
2024-02-27 18:15:12,876 - prediction_process - INFO - Processing EURUSD for interval 15m at 2024-02-27 18:15:12.876923 not crossover open
2024-02-27 18:15:12,879 - prediction_process - INFO - Processing GBPUSD for interval 15m at 2024-02-27 18:15:12.879886 not crossover open
2024-02-27 18:15:12,882 - prediction_process - INFO - Processing AUDUSD for interval 5m at 2024-02-27 18:15:12.882957 not crossover open
2024-02-27 18:15:12,891 - prediction_process - INFO - Processing USDCAD for interval 15m at 2024-02-27 18:15:12.891968 not crossover open
2024-02-27 18:15:12,892 - prediction_process - INFO - Processing USDCAD for interval 5m at 2024-02-27 18:15:12.892976 not crossover open
2024-02-27 18:15:12,903 - prediction_process - INFO - Processing AUDUSD for interval 15m at 2024-02-27 18:15:12.903141 not crossover open
2024-02-27 18:15:12,904 - prediction_process - INFO - Processing GBPUSD for interval 5m at 2024-02-27 18:15:12.904132 not crossover open
2024-02-27 18:15:13,145 - prediction_process - INFO - Processing EURUSD for interval 5m at 2024-02-27 18:15:13.145311 not crossover open
2024-02-27 18:15:13,160 - prediction_process - INFO - Processing USDCHF for interval 5m at 2024-02-27 18:15:13.160327 not crossover open
2024-02-27 18:20:00,551 - prediction_process - INFO - Running tasks for intervals ['5m'] at 2024-02-27 18:20:00.042463
2024-02-27 18:20:06,638 - prediction_process - INFO - Processing USDCAD for interval 5m at 2024-02-27 18:20:06.638902 not crossover open
2024-02-27 18:20:06,641 - prediction_process - INFO - Processing USDCHF for interval 5m at 2024-02-27 18:20:06.641803 not crossover open
2024-02-27 18:20:06,642 - prediction_process - INFO - Processing EURUSD for interval 5m at 2024-02-27 18:20:06.642803 not crossover open
2024-02-27 18:20:06,647 - prediction_process - INFO - Processing GBPUSD for interval 5m at 2024-02-27 18:20:06.647808 not crossover open
2024-02-27 18:20:06,650 - prediction_process - INFO - Processing AUDUSD for interval 5m at 2024-02-27 18:20:06.650081 not crossover open
2024-02-27 18:25:00,528 - prediction_process - INFO - Running tasks for intervals ['5m'] at 2024-02-27 18:25:00.018099
2024-02-27 18:25:06,141 - prediction_process - INFO - Processing USDCAD for interval 5m at 2024-02-27 18:25:06.141875 not crossover open
2024-02-27 18:25:06,637 - prediction_process - INFO - Processing USDCHF for interval 5m at 2024-02-27 18:25:06.636456 not crossover open
2024-02-27 18:25:06,660 - prediction_process - INFO - Processing AUDUSD for interval 5m at 2024-02-27 18:25:06.660635 not crossover open
2024-02-27 18:25:06,661 - prediction_process - INFO - Processing GBPUSD for interval 5m at 2024-02-27 18:25:06.661638 not crossover open
2024-02-27 18:25:06,662 - prediction_process - INFO - Processing EURUSD for interval 5m at 2024-02-27 18:25:06.662627 not crossover open
2024-02-27 18:30:00,571 - prediction_process - INFO - Running tasks for intervals ['5m', '15m', '30m'] at 2024-02-27 18:30:00.061904
2024-02-27 18:30:19,675 - prediction_process - INFO - Processing GBPUSD for interval 30m at 2024-02-27 18:30:19.675399 not crossover open
2024-02-27 18:30:19,873 - prediction_process - INFO - Processing EURUSD for interval 15m at 2024-02-27 18:30:19.873492 not crossover open
2024-02-27 18:30:20,011 - prediction_process - INFO - Processing USDCAD for interval 15m at 2024-02-27 18:30:20.011110 not crossover open
2024-02-27 18:30:20,053 - prediction_process - INFO - Processing AUDUSD for interval 30m at 2024-02-27 18:30:20.053784 not crossover open
2024-02-27 18:30:20,069 - prediction_process - INFO - Processing USDCAD for interval 30m at 2024-02-27 18:30:20.069339 not crossover open
2024-02-27 18:30:20,076 - prediction_process - INFO - Processing EURUSD for interval 30m at 2024-02-27 18:30:20.076861 not crossover open
2024-02-27 18:30:20,121 - prediction_process - INFO - Processing USDCHF for interval 15m at 2024-02-27 18:30:20.121157 not crossover open
2024-02-27 18:30:20,125 - prediction_process - INFO - Processing EURUSD for interval 5m at 2024-02-27 18:30:20.125165 not crossover open
2024-02-27 18:30:20,149 - prediction_process - INFO - Processing GBPUSD for interval 15m at 2024-02-27 18:30:20.149726 not crossover open
2024-02-27 18:30:20,150 - prediction_process - INFO - Processing AUDUSD for interval 5m at 2024-02-27 18:30:20.150725 not crossover open
2024-02-27 18:30:20,157 - prediction_process - INFO - Processing AUDUSD for interval 15m at 2024-02-27 18:30:20.157925 not crossover open
2024-02-27 18:30:20,163 - prediction_process - INFO - Processing USDCHF for interval 30m at 2024-02-27 18:30:20.163934 not crossover open
2024-02-27 18:30:20,166 - prediction_process - INFO - Processing GBPUSD for interval 5m at 2024-02-27 18:30:20.166924 not crossover open
2024-02-27 18:30:20,168 - prediction_process - INFO - Processing USDCAD for interval 5m at 2024-02-27 18:30:20.168441 not crossover open
2024-02-27 18:30:20,175 - prediction_process - INFO - Processing USDCHF for interval 5m at 2024-02-27 18:30:20.175450 not crossover open
2024-02-27 18:35:11,112 - prediction_process - INFO - Running tasks for intervals ['5m'] at 2024-02-27 18:35:10.600013
2024-02-27 18:35:18,611 - prediction_process - INFO - Processing USDCHF for interval 5m at 2024-02-27 18:35:18.611694 not crossover open
2024-02-27 18:35:18,701 - prediction_process - INFO - Processing EURUSD for interval 5m at 2024-02-27 18:35:18.701104 not crossover open
2024-02-27 18:35:18,867 - prediction_process - INFO - Processing AUDUSD for interval 5m at 2024-02-27 18:35:18.867679 not crossover open
2024-02-27 18:35:18,880 - prediction_process - INFO - Processing GBPUSD for interval 5m at 2024-02-27 18:35:18.880885 not crossover open
2024-02-27 18:35:19,179 - prediction_process - INFO - Processing USDCAD for interval 5m at 2024-02-27 18:35:19.179187 crossover : buy  open
